0 info it worked if it ends with ok
1 verbose cli [ '/home/ubuntu/.nvm/versions/node/v6.11.2/bin/node',
1 verbose cli   '/home/ubuntu/.nvm/versions/node/v6.11.2/bin/npm',
1 verbose cli   'run',
1 verbose cli   'test' ]
2 info using npm@3.10.10
3 info using node@v6.11.2
4 verbose run-script [ 'pretest', 'test', 'posttest' ]
5 info lifecycle sos1819-15@0.0.1~pretest: sos1819-15@0.0.1
6 silly lifecycle sos1819-15@0.0.1~pretest: no script for pretest, continuing
7 info lifecycle sos1819-15@0.0.1~test: sos1819-15@0.0.1
8 verbose lifecycle sos1819-15@0.0.1~test: unsafe-perm in lifecycle true
9 verbose lifecycle sos1819-15@0.0.1~test: PATH: /home/ubuntu/.nvm/versions/node/v6.11.2/lib/node_modules/npm/bin/node-gyp-bin:/home/ubuntu/workspace/SOS1819-15/node_modules/.bin:/home/ubuntu/.nvm/versions/node/v6.11.2/bin:/usr/local/rvm/gems/ruby-2.4.0/bin:/usr/local/rvm/gems/ruby-2.4.0@global/bin:/usr/local/rvm/rubies/ruby-2.4.0/bin:/mnt/shared/bin:/home/ubuntu/workspace/node_modules/.bin:/home/ubuntu/bin:/usr/local/sbin:/usr/local/bin:/usr/sbin:/usr/bin:/sbin:/bin:/mnt/shared/sbin:/opt/gitl:/opt/go/bin:/mnt/shared/c9/app.nw/bin:/usr/local/rvm/bin
10 verbose lifecycle sos1819-15@0.0.1~test: CWD: /home/ubuntu/workspace/SOS1819-15
11 silly lifecycle sos1819-15@0.0.1~test: Args: [ '-c',
11 silly lifecycle   'newman run https://www.getpostman.com/collections/e7479b7f8520a738e5ff; newman run https://www.getpostman.com/collections/7c14b58b4687aa24028e' ]
12 silly lifecycle sos1819-15@0.0.1~test: Returned: code: 1  signal: null
13 info lifecycle sos1819-15@0.0.1~test: Failed to exec test script
14 verbose stack Error: sos1819-15@0.0.1 test: `newman run https://www.getpostman.com/collections/e7479b7f8520a738e5ff; newman run https://www.getpostman.com/collections/7c14b58b4687aa24028e`
14 verbose stack Exit status 1
14 verbose stack     at EventEmitter.<anonymous> (/home/ubuntu/.nvm/versions/node/v6.11.2/lib/node_modules/npm/lib/utils/lifecycle.js:255:16)
14 verbose stack     at emitTwo (events.js:106:13)
14 verbose stack     at EventEmitter.emit (events.js:191:7)
14 verbose stack     at ChildProcess.<anonymous> (/home/ubuntu/.nvm/versions/node/v6.11.2/lib/node_modules/npm/lib/utils/spawn.js:40:14)
14 verbose stack     at emitTwo (events.js:106:13)
14 verbose stack     at ChildProcess.emit (events.js:191:7)
14 verbose stack     at maybeClose (internal/child_process.js:891:16)
14 verbose stack     at Process.ChildProcess._handle.onexit (internal/child_process.js:226:5)
15 verbose pkgid sos1819-15@0.0.1
16 verbose cwd /home/ubuntu/workspace/SOS1819-15
17 error Linux 4.9.120-c9
18 error argv "/home/ubuntu/.nvm/versions/node/v6.11.2/bin/node" "/home/ubuntu/.nvm/versions/node/v6.11.2/bin/npm" "run" "test"
19 error node v6.11.2
20 error npm  v3.10.10
21 error code ELIFECYCLE
22 error sos1819-15@0.0.1 test: `newman run https://www.getpostman.com/collections/e7479b7f8520a738e5ff; newman run https://www.getpostman.com/collections/7c14b58b4687aa24028e`
22 error Exit status 1
23 error Failed at the sos1819-15@0.0.1 test script 'newman run https://www.getpostman.com/collections/e7479b7f8520a738e5ff; newman run https://www.getpostman.com/collections/7c14b58b4687aa24028e'.
23 error Make sure you have the latest version of node.js and npm installed.
23 error If you do, this is most likely a problem with the sos1819-15 package,
23 error not with npm itself.
23 error Tell the author that this fails on your system:
23 error     newman run https://www.getpostman.com/collections/e7479b7f8520a738e5ff; newman run https://www.getpostman.com/collections/7c14b58b4687aa24028e
23 error You can get information on how to open an issue for this project with:
23 error     npm bugs sos1819-15
23 error Or if that isn't available, you can get their info via:
23 error     npm owner ls sos1819-15
23 error There is likely additional logging output above.
24 verbose exit [ 1, true ]
